
Copyright (C) 1994-2023 Synopsys, Inc.
This Synopsys software and all associated documentation are proprietary to Synopsys, Inc.
and may only be used pursuant to the terms and conditions of a written license agreement
with Synopsys, Inc. All other use, reproduction, modification, or distribution of the
Synopsys software or the associated documentation is strictly prohibited.
Tool: Synplify Pro (R)
Build: V-2023.09L-2
Install: /home/bernd/opt/lscc/diamond/3.14/synpbase
OS: Fedora Linux 40 (Workstation Edition)
Hostname: fedora
max virtual memory: unlimited (bytes)
max user processes: 62239
max stack size: unlimited (bytes)


Implementation : impl1
Synopsys HDL compiler and linker, Version comp202309synp1, Build 349R, Built Sep 17 2024 08:30:48, @5637152

Modified Files: 13
FID:  path (prevtimestamp, timestamp)
0        /home/bernd/Dokumente/Projekte/fpga_lernen/testprojekte/memory_mapped_periphery/fpga_workspace/memory_mapped_periphery_test/pll.vhd (N/A, 2024-11-23 08:30:37)
1        /home/bernd/Dokumente/Projekte/fpga_lernen/testprojekte/memory_mapped_periphery/fpga_workspace/memory_mapped_periphery_test/spi_interface.vhd (N/A, 2024-11-24 20:30:22)
2        /home/bernd/Dokumente/Projekte/fpga_lernen/testprojekte/memory_mapped_periphery/fpga_workspace/memory_mapped_periphery_test/toplevel.vhd (N/A, 2024-11-24 17:13:52)
3        /home/bernd/opt/lscc/diamond/3.14/cae_library/synthesis/vhdl/xp2.vhd (N/A, 2021-02-25 00:38:20)
4        /home/bernd/opt/lscc/diamond/3.14/synpbase/lib/vhd/arith.vhd (N/A, 2024-09-23 18:26:54)
5        /home/bernd/opt/lscc/diamond/3.14/synpbase/lib/vhd/hyperents.vhd (N/A, 2024-09-23 18:26:54)
6        /home/bernd/opt/lscc/diamond/3.14/synpbase/lib/vhd/location.map (N/A, 2024-09-23 18:26:54)
7        /home/bernd/opt/lscc/diamond/3.14/synpbase/lib/vhd/numeric.vhd (N/A, 2024-09-23 18:26:54)
8        /home/bernd/opt/lscc/diamond/3.14/synpbase/lib/vhd/snps_haps_pkg.vhd (N/A, 2024-09-23 18:26:54)
9        /home/bernd/opt/lscc/diamond/3.14/synpbase/lib/vhd/std.vhd (N/A, 2024-09-23 18:26:54)
10       /home/bernd/opt/lscc/diamond/3.14/synpbase/lib/vhd/std1164.vhd (N/A, 2024-09-23 18:26:54)
11       /home/bernd/opt/lscc/diamond/3.14/synpbase/lib/vhd/umr_capim.vhd (N/A, 2024-09-23 18:26:54)
12       /home/bernd/opt/lscc/diamond/3.14/synpbase/lib/vhd/unsigned.vhd (N/A, 2024-09-23 18:26:54)

*******************************************************************
Modules that may have changed as a result of file changes: 0
MID:  lib.cell.view

*******************************************************************
Unmodified files: 0
FID:  path (timestamp)

*******************************************************************
Unchanged modules: 0
MID:  lib.cell.view
